Vivado Simulator 2015.4
Copyright 1986-1999, 2001-2015 Xilinx, Inc. All Rights Reserved.
Running: C:/Xilinx/Vivado/2015.4/bin/unwrapped/win64.o/xelab.exe -wto aa2a41a6f00f49a6989bf4ddebe69521 --debug typical --relax --mt 2 -L xil_defaultlib -L secureip --snapshot main_behav xil_defaultlib.main -log elaborate.log 
Using 2 slave threads.
Starting static elaboration
Completed static elaboration
Starting simulation data flow analysis
Completed simulation data flow analysis
Time Resolution for simulation is 1ps
Compiling package std.standard
Compiling package ieee.std_logic_1164
Compiling package ieee.numeric_std
Compiling package ieee.std_logic_arith
Compiling package ieee.std_logic_unsigned
Compiling package ieee.math_real
Compiling architecture behavioral of entity xil_defaultlib.PowerMod [powermod_default]
Compiling architecture behavioral of entity xil_defaultlib.Encryption [encryption_default]
Compiling architecture behavioral of entity xil_defaultlib.Decryption [decryption_default]
Compiling architecture behavioral of entity xil_defaultlib.main
Built simulation snapshot main_behav
